Logs: 2023-06-16  04:16:13	0d38dd6e-8026-492b-b938-958d78120910	200	GET	http	localhost	/	
Logs: 2023-06-16  04:16:30	3f912edf-ffb1-4664-bb92-0b76dc250cc9	200	GET	http	localhost	/blogs	
Logs: 2023-06-18  18:57:30	08fdb79a-cc17-4126-96d3-bca0a502271b	200	POST	http	localhost	/api/v1/register	
Logs: 2023-06-18  18:59:01	843010c5-3c0a-40b0-b10a-8019acb96cf5	200	POST	http	localhost	/api/v1/register	
Logs: 2023-06-18  19:00:53	b91fdfaf-186e-450b-91cb-d1499e90beae	200	POST	http	localhost	/api/v1/register	
Logs: 2023-06-18  19:01:24	4f9ddd44-d29b-4a26-9e0e-95877a5b83af	200	POST	http	localhost	/api/v1/register	
Logs: 2023-06-18  19:02:39	d3be27ce-453b-44d1-9944-5a2e8c52aa32	200	POST	http	localhost	/api/v1/register	
Logs: 2023-06-18  19:03:07	a8d0d2e1-bd6b-404d-aa5b-c5a27966044a	200	POST	http	localhost	/api/v1/register	
Logs: 2023-06-18  19:05:40	a2370eb3-5e7f-4a2d-afc1-eb6ad1be493d	200	POST	http	localhost	/api/v1/register	
Logs: 2023-06-18  19:07:04	77f1b77d-00b2-4a65-a553-3659890162c3	200	POST	http	localhost	/api/v1/register	
Logs: 2023-06-18  19:08:33	a08894a9-6a24-4287-8ae0-ad77027f0e5d	200	POST	http	localhost	/api/v1/register	
Logs: 2023-06-18  19:09:57	2260070d-318b-4f98-8d00-0dc24dd192bd	200	POST	http	localhost	/api/v1/register	
Logs: 2023-06-18  19:11:07	4e68c994-f462-4d66-b913-e2d91e336bbc	200	POST	http	localhost	/api/v1/register	
Logs: 2023-06-18  19:14:20	e036ff46-1ab4-4ee9-977d-55dec85d1d58	200	POST	http	localhost	/api/v1/register	
Logs: 2023-06-18  19:15:53	d0ae9f52-7c62-4259-a9ee-294810b49698	200	POST	http	localhost	/api/v1/register	
Logs: 2023-06-18  19:16:34	9db00f8b-5983-4720-8edd-c8937b266ff8	200	POST	http	localhost	/api/v1/register	
Logs: 2023-06-18  19:18:13	d743f34e-52f6-4d8c-97d2-7907478fbb59	200	POST	http	localhost	/api/v1/register	
Logs: 2023-06-18  23:18:44	ca692524-5d46-4e05-925b-dd8d02841742	200	POST	http	localhost	/api/v1/register	
Logs: 2023-06-18  23:19:16	e57a230c-f57c-4b80-8000-d86634bd5628	200	POST	http	localhost	/api/v1/register	
Logs: 2023-06-18  23:20:13	f3c64924-67ee-4d98-a4c2-7d79fe7c6335	200	POST	http	localhost	/api/v1/register	
Logs: 2023-06-18  23:20:36	2efe8b4d-f87b-4491-89f2-db280040fd95	200	POST	http	localhost	/api/v1/register	
Logs: 2023-06-18  23:21:59	a5b63eda-adee-4914-8990-181cd7a40b83	200	POST	http	localhost	/api/v1/register	
Logs: 2023-06-18  23:40:08	ca8847ac-9775-4ed5-b33a-820f8a277f8d	200	POST	http	localhost	/api/v1/register	
Logs: 2023-06-18  23:45:44	2375be60-8964-4f51-8a41-ea83f45c4de6	200	POST	http	localhost	/api/v1/register	
Logs: 2023-06-19  00:46:26	9f040e1f-b4d2-41e7-b853-92535f9bac9a	200	POST	http	localhost	/api/v1/login	
Logs: 2023-06-19  00:51:17	17dcd062-3e01-4199-9360-2328822cdf0e	200	POST	http	localhost	/api/v1/login	
Logs: 2023-06-19  00:51:35	576b319b-61de-4363-a12c-fdcf5fbca8ba	200	POST	http	localhost	/api/v1/login	
Logs: 2023-06-23  19:13:56	02511f2e-1295-4e26-a3a4-bcdca9a4ecfb	200	POST	http	localhost	/api/v1/login	
Logs: 2023-06-25  16:03:01	bb6fc70d-8315-4fdd-9325-4b6bdf731aae	200	POST	http	localhost	/api/v1/login	
Logs: 2023-06-26  02:21:12	ac082fab-c9cd-4205-9188-98783820b74a	200	POST	http	localhost	/api/v1/register	
Logs: 2023-06-26  02:21:27	c602e2b7-303c-42ff-b2aa-4999ca715ad4	200	POST	http	localhost	/api/v1/register	
Logs: 2023-06-26  02:21:51	dd97c4b3-f32b-422f-869c-4c41b4da8d3b	200	POST	http	localhost	/api/v1/login	
Logs: 2023-06-26  02:22:13	f9a00cd1-518e-4051-a909-d7bab1af0d5f	200	POST	http	localhost	/api/v1/login	
Logs: 2023-06-26  02:23:42	e3a2cd2f-df14-4ab1-8d9b-79e1c8b2fba3	200	POST	http	localhost	/api/v1/login	
Logs: 2023-06-26  02:24:14	788daab6-601e-4a8f-a989-87e973f343c8	200	POST	http	localhost	/api/v1/login	
Logs: 2023-06-26  02:24:29	9f1547b1-f172-4c9c-a154-b0f7c414539f	200	POST	http	localhost	/api/v1/login	
Logs: 2023-06-29  17:33:10	0eb96c9f-06fd-403d-b2f2-d7e67ac4a444	200	POST	http	localhost	/api/v1/login	
Logs: 2023-06-29  17:33:28	44e61efc-11ca-4e01-8a88-87f82de45f0b	200	GET	http	localhost	/api/v1/me	
Logs: 2023-06-29  17:35:35	e615b6de-df2c-4012-bbc6-73ea0124eb71	200	POST	http	localhost	/api/v1/login	
Logs: 2023-06-29  17:35:49	ff2b96e4-793a-475a-9811-a5176e3c606b	200	GET	http	localhost	/api/v1/me	
Logs: 2023-06-29  17:36:20	a3e31ebe-8cce-4498-a374-a19a84c15e58	200	GET	http	localhost	/api/v1/me	
Logs: 2023-06-29  17:37:33	d15a8f9c-05b0-490d-8a2f-9ad517691ab3	200	GET	http	localhost	/api/v1/me	
Logs: 2023-06-29  17:38:29	89bb5eab-545b-425e-a884-d11c56871fbe	200	GET	http	localhost	/api/v1/me	
Logs: 2023-06-29  17:39:14	0d35ed30-2ca8-4eb1-a80b-21fbdaab44b3	200	GET	http	localhost	/api/v1/me	
Logs: 2023-06-29  17:40:38	c2728570-18b4-4452-b7ae-32b2cf5e39e7	200	GET	http	localhost	/api/v1/me	
Logs: 2023-06-29  17:44:00	430a15f7-6ece-45ab-8959-96fae05e1a20	200	GET	http	localhost	/api/v1/me	
Logs: 2023-06-29  17:44:12	99149811-0fc8-4d6c-9421-c37a19aee39f	200	GET	http	localhost	/api/v1/me	
Logs: 2023-06-29  17:44:40	886a7e29-b70b-4ae8-9d00-053d0d96e648	200	GET	http	localhost	/api/v1/me	
Logs: 2023-06-29  17:46:11	57968dc3-8da5-4cf7-b098-4368ee77f6cb	200	GET	http	localhost	/api/v1/me	
Logs: 2023-06-29  17:46:35	40c631d6-333e-4290-9493-123d4509d33f	200	GET	http	localhost	/api/v1/me	
Logs: 2023-06-29  17:46:41	82ea0438-ab80-4379-9d7e-da6acf0ab95d	200	GET	http	localhost	/api/v1/me	
Logs: 2023-06-29  18:07:22	c7ab13bd-9b61-4a7c-a22f-d166cea02dc7	200	POST	http	localhost	/api/v1/login	
Logs: 2023-06-29  18:07:36	1278cefc-674f-4ae0-ac09-ef9618d181b6	200	GET	http	localhost	/api/v1/me	
Logs: 2023-06-30  00:53:55	64ba8a56-b44e-4a99-bc52-4aa32acf110e	200	POST	http	localhost	/api/v1/register	
Logs: 2023-06-30  00:54:28	6a511cbe-d65a-4234-b925-c34d7a1580c8	200	POST	http	localhost	/api/v1/login	
Logs: 2023-06-30  00:55:05	f5815adf-41f1-4f99-b1f3-b16cfa709c99	200	GET	http	localhost	/api/v1/me	
Logs: 2023-06-30  00:56:24	0ccc077e-c057-4f89-99a4-3b462dc7468a	200	GET	http	localhost	/api/v1/me	
Logs: 2023-06-30  00:58:49	0b2beb0c-e7a4-440e-86c0-0ca72d5456a3	200	POST	http	localhost	/api/v1/login	
Logs: 2023-06-30  01:21:13	5f2a1525-c9d7-4a74-aaf2-1ccc987a7502	200	POST	http	localhost	/api/v1/register	
Logs: 2023-06-30  01:22:44	a7c346bb-bf2c-40c2-9699-365aeb09542a	200	POST	http	localhost	/api/v1/login	
Logs: 2023-06-30  01:22:59	05c83ed6-1c21-46c2-8446-9538be6feb6f	200	GET	http	localhost	/api/v1/me	
Logs: 2023-06-30  01:23:04	f1f9c470-270f-4689-b1a2-ba5cc2583877	200	GET	http	localhost	/api/v1/me	
Logs: 2023-06-30  01:23:12	e39d53ce-49ba-46c7-976f-2dc6afc4c9d5	200	GET	http	localhost	/api/v1/me	
Logs: 2023-06-30  01:23:16	9cb77af4-c36c-4fab-86a7-1121472a8eb3	200	GET	http	localhost	/api/v1/me	
Logs: 2023-06-30  01:23:21	2db7def9-200d-430f-b9c3-7efac0024a5b	200	GET	http	localhost	/api/v1/me	
Logs: 2023-06-30  01:23:26	453e6c68-4b1e-4ba5-b4b5-db252ba515e6	200	GET	http	localhost	/api/v1/refresh-token	
Logs: 2023-06-30  01:23:40	1561047c-04da-47ce-b39e-4aa633656f30	200	GET	http	localhost	/api/v1/refresh-token	
Logs: 2023-06-30  01:25:39	c7998aa0-5307-44e1-bbb0-0c024a279e32	200	GET	http	localhost	/api/v1/refresh-token	
Logs: 2023-06-30  01:26:04	01a19661-5422-46b1-a34c-09092ba928cd	200	GET	http	localhost	/api/v1/refresh-token	
Logs: 2023-06-30  01:26:14	4cecf295-b24c-445d-b9ae-f31cb29ffd91	200	GET	http	localhost	/api/v1/refresh-token	
Logs: 2023-06-30  01:27:11	9f4cd16c-12c6-409f-80ad-b410d6880d1a	200	GET	http	localhost	/api/v1/refresh-token	
Logs: 2023-06-30  01:27:55	dada219d-be60-4433-9568-7f9999672a82	200	GET	http	localhost	/api/v1/refresh-token	
Logs: 2023-06-30  01:29:11	15c4e5d2-f861-4271-b3ae-5b09badf0c6a	200	GET	http	localhost	/api/v1/refresh-token	
Logs: 2023-06-30  01:29:37	39a39367-9843-4522-9410-61bcb1f77987	200	GET	http	localhost	/api/v1/refresh-token	
Logs: 2023-06-30  01:29:56	f76c9ea5-fa92-4dd8-bd3a-f8c5b2f8d797	200	GET	http	localhost	/api/v1/refresh-token	
Logs: 2023-06-30  01:30:26	2551e07e-f624-44b6-9051-3cf822106f44	200	GET	http	localhost	/api/v1/refresh-token	
Logs: 2023-06-30  01:31:48	a6d7fb20-701e-4c94-b356-48f62f22f8f1	200	GET	http	localhost	/api/v1/refresh-token	
Logs: 2023-06-30  01:33:26	7917de45-e50b-4ffa-ad64-484a013b6217	200	GET	http	localhost	/api/v1/refresh-token	
Logs: 2023-06-30  01:35:45	2d102981-8773-45ae-95db-b02a7ad778e4	200	GET	http	localhost	/api/v1/refresh-token	
Logs: 2023-06-30  01:38:12	11abd7d8-499d-40ba-83b0-c7db0f83b96c	200	GET	http	localhost	/api/v1/me	
Logs: 2023-06-30  01:38:15	3dade54e-1cc8-4de2-9a71-6c7e61e774a2	200	GET	http	localhost	/api/v1/refresh-token	
Logs: 2023-06-30  01:38:30	d0cabbbd-e27c-4987-9b93-f4d5aae050bb	200	GET	http	localhost	/api/v1/me	
Logs: 2023-06-30  01:38:39	e59df9b8-a01f-4a06-bf08-8f4af12c3512	200	GET	http	localhost	/api/v1/me	
Logs: 2023-06-30  01:38:52	6ba7b0f0-3d1b-47ff-bb6d-3875167c05c4	200	GET	http	localhost	/api/v1/me	
Logs: 2023-06-30  01:38:58	5de8fcb8-2266-42f2-a56c-44c9c7e452b6	200	GET	http	localhost	/api/v1/me	
Logs: 2023-06-30  01:39:04	0a44bbd8-69a2-4d96-9901-e5052bedbc43	200	GET	http	localhost	/api/v1/refresh-token	
Logs: 2023-06-30  01:39:14	b2c2b054-f73e-49dd-ae48-174d2b57a32f	200	GET	http	localhost	/api/v1/me	
Logs: 2023-06-30  01:39:18	051e74dd-df71-47ff-991a-cd2317a3be65	200	GET	http	localhost	/api/v1/me	
Logs: 2023-06-30  01:39:20	0858da7c-0cc8-4de9-baf8-2cf7b062a59b	200	GET	http	localhost	/api/v1/me	
Logs: 2023-06-30  01:39:22	25da87f8-ed0e-4e9f-9b13-ba42f4c03567	200	GET	http	localhost	/api/v1/me	
Logs: 2023-06-30  01:39:25	d5dd3635-9412-4a81-9356-731a656abdd0	200	GET	http	localhost	/api/v1/me	
Logs: 2023-06-30  01:39:27	5979a770-3d67-4886-8e2a-91929d3f58c4	200	GET	http	localhost	/api/v1/me	
Logs: 2023-06-30  01:39:29	a5957f54-0c3e-4917-9b4b-770eba7a5ae2	200	GET	http	localhost	/api/v1/me	
Logs: 2023-06-30  01:39:33	1be446d6-0901-4cda-823c-963d2b75cffd	200	GET	http	localhost	/api/v1/me	
Logs: 2023-06-30  01:39:37	8985c5ea-e400-4d8d-bed3-1e79b64f5c92	200	GET	http	localhost	/api/v1/me	
Logs: 2023-06-30  02:52:40	dac60ccc-dd17-4959-8d4b-62beadfefe71	200	POST	http	localhost	/api/v1/register	
Logs: 2023-06-30  02:53:01	1e0a21e9-9b76-4fbf-a01d-6dc254afb900	200	POST	http	localhost	/api/v1/login	
Logs: 2023-06-30  02:53:15	646c90f4-c41c-4f2f-b369-a3b4a4fffbc2	200	GET	http	localhost	/api/v1/me	
Logs: 2023-06-30  02:53:18	0394b2c4-3b54-4400-becf-5dafdc634169	200	GET	http	localhost	/api/v1/me	
Logs: 2023-06-30  02:53:24	cab6c7f1-115e-433e-a0f5-3015725bae5f	200	GET	http	localhost	/api/v1/me	
Logs: 2023-06-30  02:53:28	bc25df32-53af-4679-9492-23912e90d343	200	GET	http	localhost	/api/v1/me	
Logs: 2023-06-30  02:53:34	ff289185-25ca-4a1d-9825-f703e2572b0c	200	GET	http	localhost	/api/v1/me	
Logs: 2023-06-30  02:53:40	4a2c1a7d-3581-4f16-9a67-a51e2ff8e546	200	GET	http	localhost	/api/v1/refresh-token	
Logs: 2023-06-30  02:53:51	45de3ad4-1757-430a-9845-c3f225bfd559	200	GET	http	localhost	/api/v1/me	
Logs: 2023-06-30  02:53:56	2125150c-5231-496b-b877-ed2dec5ba989	200	GET	http	localhost	/api/v1/me	
Logs: 2023-06-30  02:53:58	a9f4ca8a-35e7-42da-9590-45e69d190796	200	GET	http	localhost	/api/v1/me	
Logs: 2023-06-30  02:54:03	c67dff52-e3ee-4b26-b210-7ff851104b46	200	GET	http	localhost	/api/v1/me	
Logs: 2023-07-04  13:44:08	7cc4745d-01af-456d-871e-ea6f0916bf3f	200	POST	http	localhost	/api/v1/register	
Logs: 2023-07-04  13:44:20	394700f3-e870-4b0d-9aed-ac4de0770471	200	POST	http	localhost	/api/v1/login	
Logs: 2023-07-04  13:47:39	59d2275c-65aa-4d12-a61c-fffb5d452602	200	GET	http	localhost	/api/v1/logout	
Logs: 2023-07-04  14:02:13	7ded22ad-ec95-412e-8a7d-a74fadab7e1f	200	POST	http	localhost	/api/v1/login	
Logs: 2023-07-04  14:03:18	45a265b2-2116-4bb1-90ed-6d39cd2964eb	200	POST	http	localhost	/api/v1/register	
Logs: 2023-07-04  14:03:42	adc391da-3eae-4891-9ad2-4867599db2a6	200	POST	http	localhost	/api/v1/register	
Logs: 2023-07-04  14:05:39	d69a4f21-a28a-42b4-8410-360c2ccfb93d	200	POST	http	localhost	/api/v1/register	
Logs: 2023-07-04  14:38:21	a272020f-aa78-4297-8ec6-5affa422bb64	200	POST	http	localhost	/api/v1/login	
Logs: 2023-07-04  14:38:31	ac6003b2-bf8a-4aee-a614-a0629ab3ff51	200	POST	http	localhost	/api/v1/login	
Logs: 2023-07-04  14:38:53	8e99d3a1-902a-4b1e-9126-912b5301c8cc	200	POST	http	localhost	/api/v1/login	
Logs: 2023-07-04  14:39:17	e6f20745-d45e-419e-8fba-49273bd380c0	200	POST	http	localhost	/api/v1/login	
Logs: 2023-07-04  14:40:31	0fb7c5f6-3916-4c1d-b791-a60ad3b1be68	200	POST	http	localhost	/api/v1/login	
Logs: 2023-07-04  14:40:37	4e3381ba-8092-4a28-9ee4-afe2a0946d11	200	POST	http	localhost	/api/v1/login	
Logs: 2023-07-04  14:43:19	d9294cdd-0325-4725-8b7e-65fca750ec6b	200	POST	http	localhost	/api/v1/login	
Logs: 2023-07-04  14:43:46	7ce6f732-855b-4d72-8c5a-4f64db73f64f	200	POST	http	localhost	/api/v1/login	
Logs: 2023-07-04  14:47:57	41e0c221-b435-4481-98eb-b08dfbee8552	200	POST	http	localhost	/api/v1/register	
Logs: 2023-07-04  14:48:33	80477536-f263-4295-868b-456b4c5e3a51	200	POST	http	localhost	/api/v1/login	
Logs: 2023-07-04  14:48:44	07eb18fd-8f1e-4c0a-a24d-71e81bcda0b8	200	POST	http	localhost	/api/v1/login	
Logs: 2023-07-04  14:48:58	92ca085c-c62f-420c-9a83-1ef706cfcfb7	200	POST	http	localhost	/api/v1/login	
Logs: 2023-07-04  14:49:05	71e84a49-2935-4fb5-92b9-69594dca7332	200	POST	http	localhost	/api/v1/login	
Logs: 2023-07-04  14:49:22	eeb302e7-6ea8-4707-9f0c-6a6d614c6563	200	POST	http	localhost	/api/v1/login	
Logs: 2023-07-04  14:49:31	c732a330-55e2-48b3-ae6a-8f829342f0cf	200	POST	http	localhost	/api/v1/login	
Logs: 2023-07-04  14:49:49	8aab6b4e-4a05-473f-ac2c-30dc44cd7009	200	GET	http	localhost	/api/v1/me	
Logs: 2023-07-04  14:49:54	f3249a72-1b41-4f10-b64f-4b5ba8535073	200	GET	http	localhost	/api/v1/me	
Logs: 2023-07-04  14:49:59	305b3721-6b35-44ef-800f-cbbae1086803	200	GET	http	localhost	/api/v1/me	
Logs: 2023-07-04  14:50:06	9e8f1846-58ae-4ceb-889b-9efb2d54b9a3	200	GET	http	localhost	/api/v1/me	
Logs: 2023-07-04  14:50:12	e419d77c-1731-41e2-9b63-61cfdca86900	200	GET	http	localhost	/api/v1/me	
Logs: 2023-07-04  14:50:30	2364736c-1c49-4eac-89a9-865e09c1f446	200	GET	http	localhost	/api/v1/refresh-token	
Logs: 2023-07-04  14:53:22	02276d33-96b3-4acf-887d-89481eca4e8f	200	GET	http	localhost	/api/v1/refresh-token	
Logs: 2023-07-04  15:05:03	1e1ea6cd-b11c-4065-9337-45c2224dfddf	200	GET	http	localhost	/api/v1/refresh-token	
Logs: 2023-07-04  15:05:13	c6fd769c-2a46-4041-b4bb-5f1e26681a05	200	GET	http	localhost	/api/v1/me	
Logs: 2023-07-04  15:05:20	0cf3400f-21c3-41e4-bbb0-da58af655cbb	200	GET	http	localhost	/api/v1/me	
Logs: 2023-07-04  15:05:23	09d2a99f-87f5-4bbf-9d55-e6cb2a2d4f3f	200	GET	http	localhost	/api/v1/me	
Logs: 2023-07-04  15:05:25	e1a5d1cd-5cba-4f3f-b2f6-c7f577f48d2a	200	GET	http	localhost	/api/v1/me	
Logs: 2023-07-04  15:05:27	00616402-f4fa-4d26-8e81-afa0b3b7b6a3	200	GET	http	localhost	/api/v1/me	
Logs: 2023-07-04  15:05:28	877d025d-0d8c-4e37-8668-cfddb6eef9d2	200	GET	http	localhost	/api/v1/me	
Logs: 2023-07-04  15:05:30	d9331de9-a622-4efc-ae8a-d50b103b0463	200	GET	http	localhost	/api/v1/me	
Logs: 2023-07-04  15:05:32	6a8e9008-00ee-430d-ae8d-be84210baa5d	200	GET	http	localhost	/api/v1/me	
Logs: 2023-07-04  15:05:33	a2b14864-a25d-4af1-8249-5a6ff9c64d82	200	GET	http	localhost	/api/v1/me	
Logs: 2023-07-04  15:06:49	57b89b1f-f028-484e-a14d-0db5d4541d69	200	GET	http	localhost	/api/v1/refresh-token	
Logs: 2023-07-04  15:07:01	a26040c6-74c6-407f-9465-9d93d1a77cc2	200	GET	http	localhost	/api/v1/me	
Logs: 2023-07-04  15:07:05	0af2762b-2bf2-4be1-a640-ba5a1501f53a	200	GET	http	localhost	/api/v1/logout	
Logs: 2023-07-04  15:07:15	6f81132d-4894-4ad6-a4ae-53fb3994672e	200	GET	http	localhost	/api/v1/me	
Logs: 2023-07-04  15:07:19	5fcea85a-4cea-4c59-80a5-73b58a1b3392	200	GET	http	localhost	/api/v1/me	
Logs: 2023-07-04  15:07:27	087e9a23-cb20-4a7b-b473-990b6a82fafe	200	GET	http	localhost	/api/v1/logout	
Logs: 2023-07-04  15:09:39	0a5c4bb0-f826-4b87-89fe-bd3bcc6ef1ea	200	GET	http	localhost	/api/v1/logout	
Logs: 2023-07-04  15:11:15	bfd51dc4-8ac0-4bea-b81c-dbd0d15ef580	200	GET	http	localhost	/api/v1/me	
Logs: 2023-07-04  15:11:18	75c0ffa0-c466-41f7-a3bc-5fb33773cd81	200	POST	http	localhost	/api/v1/login	
Logs: 2023-07-04  15:11:31	549736d5-e747-4272-aeb3-e45c685669e9	200	GET	http	localhost	/api/v1/me	
Logs: 2023-07-04  15:11:37	07495226-55d7-46f5-8acd-cbfc987c67b4	200	GET	http	localhost	/api/v1/logout	
Logs: 2023-07-04  15:12:54	d12f44b5-afab-436c-a851-103492f9c8b8	200	GET	http	localhost	/api/v1/logout	
Logs: 2023-07-04  15:13:03	20f621d3-efc0-4b78-943f-4aec838b6484	200	POST	http	localhost	/api/v1/login	
Logs: 2023-07-04  15:13:14	94034d0f-b690-47e2-8bc4-405acb558cb9	200	GET	http	localhost	/api/v1/me	
Logs: 2023-07-04  15:13:19	82829fbe-4e52-4cef-bce2-df5eb8ce1569	200	GET	http	localhost	/api/v1/logout	
Logs: 2023-07-04  15:13:42	2e671508-8e0f-4be3-ae8b-063edb6441b2	200	GET	http	localhost	/api/v1/me	
Logs: 2023-07-04  15:13:47	647c539c-0c2a-49eb-8ef4-606955e756c7	200	POST	http	localhost	/api/v1/login	
Logs: 2023-07-04  15:14:02	3470de14-8246-4170-b41e-79991a268e2d	200	GET	http	localhost	/api/v1/me	
Logs: 2023-07-04  15:14:04	ee89d875-2c65-4386-8fe0-02f414f687fd	200	GET	http	localhost	/api/v1/logout	
Logs: 2023-07-04  15:14:12	d6ce2166-e811-4912-bc23-2f1ee9c9a14e	200	GET	http	localhost	/api/v1/me	
Logs: 2023-07-04  15:14:15	efdb9b9c-a1d8-4980-8404-0e2d0c87f5e5	200	GET	http	localhost	/api/v1/me	
Logs: 2023-07-04  15:14:20	a03e7e37-9900-40b4-8c29-1ebf6c5434b7	200	GET	http	localhost	/api/v1/me	
Logs: 2023-07-04  15:15:33	083d2325-2e38-458d-92f8-a88b8ecdf2e3	200	POST	http	localhost	/api/v1/login	
Logs: 2023-07-04  15:15:55	f7d20612-b5e8-473e-92e9-d248c256657a	200	GET	http	localhost	/api/v1/me	
Logs: 2023-07-04  15:16:03	2221ba12-69cb-4517-8fb8-0689fdc33286	200	GET	http	localhost	/api/v1/logout	
Logs: 2023-07-04  15:16:41	e5568207-0a49-427c-98ef-f4b7673c3841	200	GET	http	localhost	/api/v1/me	
Logs: 2023-07-04  15:18:11	23e96c5a-659a-4485-8788-3884d1a5918f	200	POST	http	localhost	/api/v1/login	
Logs: 2023-07-04  15:18:36	510c76df-87d3-4d0b-a671-a1c521302477	200	GET	http	localhost	/api/v1/me	
Logs: 2023-07-04  15:18:42	80307cea-f83f-47f5-b8ad-fdf7a8483d1e	200	GET	http	localhost	/api/v1/me	
Logs: 2023-07-04  15:18:56	3462bfd3-58fa-4c5e-a008-78756e4dde93	200	GET	http	localhost	/api/v1/refresh-token	
Logs: 2023-07-04  15:19:11	ac9f70f5-dcc7-458f-bc7d-f9968cd2b13f	200	GET	http	localhost	/api/v1/me	
Logs: 2023-07-05  00:08:52	ada134a8-d12f-47e8-ac67-c4179bd118dc	200	OPTIONS	http	localhost	/register	
Logs: 2023-07-05  00:08:55	d1269cde-6040-4302-b7d8-3256ba8765a1	200	OPTIONS	http	localhost	/register	
Logs: 2023-07-05  00:26:16	bf6a7af4-f3d4-43e8-9793-554cc2e3de6c	200	OPTIONS	http	localhost	/api/v1/register	
Logs: 2023-07-05  00:33:47	1a540cb0-ceb4-4f3b-a2d3-0e83b733409c	200	OPTIONS	http	localhost	/api/v1/register	
Logs: 2023-07-05  00:39:31	4470d4bc-198d-4644-b80f-35640d857d7f	200	OPTIONS	http	localhost	/api/v1/register	
Logs: 2023-07-05  00:42:53	7758a9f6-5721-4834-afa7-135b997b73aa	200	OPTIONS	http	localhost	/api/v1/register	
Logs: 2023-07-05  00:44:12	cb4c6c1f-a1de-44ac-bbc7-02a02f7769e8	200	OPTIONS	http	localhost	/api/v1/register	
Logs: 2023-07-05  00:44:56	b4389a95-fcf8-4999-a693-e9015bec5850	200	OPTIONS	http	localhost	/api/v1/register	
Logs: 2023-07-05  00:45:13	46a06cf0-be28-4541-a592-d147e717fe6d	200	OPTIONS	http	localhost	/api/v1/register	
Logs: 2023-07-05  00:46:15	159d6c04-4518-4f01-8c0e-de742cb5ccc0	200	OPTIONS	http	localhost	/api/v1/register	
Logs: 2023-07-05  00:54:12	b4dc4cdb-071d-400c-b378-d568a2bb77fd	200	OPTIONS	http	localhost	/api/v1/register	
Logs: 2023-07-05  00:54:12	311cb610-0954-47a8-872b-69ae52d3c28c	200	POST	http	localhost	/api/v1/register	
Logs: 2023-07-05  00:55:56	a6d98bb1-cdea-4756-8395-0dc23a4e30f3	200	OPTIONS	http	localhost	/api/v1/register	
Logs: 2023-07-05  00:55:56	fe229f50-35f0-4902-ad38-6ecd619e7b2e	200	POST	http	localhost	/api/v1/register	
Logs: 2023-07-05  00:56:05	e59494c8-ec90-4263-a3e3-a27bddc554ed	200	OPTIONS	http	localhost	/api/v1/register	
Logs: 2023-07-05  00:56:05	af213f6b-f8e1-4b90-b6eb-f02af5f8c383	200	POST	http	localhost	/api/v1/register	
Logs: 2023-07-05  01:00:42	cfd7e54f-6f3a-4cbf-b80d-ff87a6709c4b	200	OPTIONS	http	localhost	/api/v1/register	
Logs: 2023-07-05  01:01:53	4604c033-adc0-43ff-8ed2-28e21cc393bb	200	OPTIONS	http	localhost	/api/v1/register	
Logs: 2023-07-05  01:07:56	aef57815-13c9-40d3-af24-a066c21c809b	200	OPTIONS	http	localhost	/api/v1/register	
Logs: 2023-07-05  01:08:30	57c2bb4c-6f55-4440-9518-e9f224ba6573	200	OPTIONS	http	localhost	/api/v1/register	
Logs: 2023-07-05  01:12:15	8ed7289c-d0e0-4925-8500-28e04c822ca0	200	OPTIONS	http	localhost	/api/v1/register	
Logs: 2023-07-05  01:13:06	e9009f3e-0344-4b81-8826-96681506d941	200	OPTIONS	http	localhost	/api/v1/register	
Logs: 2023-07-05  01:13:32	dd79a989-518d-4b1b-949e-8abfb739ee71	200	OPTIONS	http	localhost	/api/v1/register	
Logs: 2023-07-05  01:13:36	94fa2b4c-8f23-42cf-92b0-54b0d7ef0dc6	200	OPTIONS	http	localhost	/api/v1/register	
Logs: 2023-07-05  01:14:05	ac6e5315-b4f9-4018-94ed-3de777b71abd	200	OPTIONS	http	localhost	/api/v1/register	
Logs: 2023-07-05  01:24:36	235edc1d-426f-4332-8955-622bbb2a62a0	200	OPTIONS	http	localhost	/api/v1/register	
Logs: 2023-07-05  01:29:47	724f0043-520f-41cc-b431-eeb1937370cf	200	OPTIONS	http	localhost	/api/v1/register	
Logs: 2023-07-05  01:29:47	d79feb6b-3b90-4cdb-aece-32915f0304f7	200	POST	http	localhost	/api/v1/register	
Logs: 2023-07-05  01:48:44	b2dfd92c-17fc-4e86-b3db-a441cd9b914d	200	OPTIONS	http	localhost	/api/v1/login	
Logs: 2023-07-05  01:51:58	c792614d-e2fb-4218-b572-7533850a2ec2	200	OPTIONS	http	localhost	/api/v1/login	
Logs: 2023-07-05  01:52:09	5b5cabd4-00bb-4af7-a3d5-9597ec3fb7f1	200	OPTIONS	http	localhost	/api/v1/login	
Logs: 2023-07-05  01:52:29	ea81ace5-be4d-4cef-bcf5-b7ca789e7789	200	OPTIONS	http	localhost	/api/v1/login	
Logs: 2023-07-05  01:55:51	54df1382-115a-42b3-b2c4-bdbe23207145	200	OPTIONS	http	localhost	/api/v1/login	
Logs: 2023-07-05  01:57:08	3aa654b3-498c-4dda-91a6-44c56ae8ff4d	200	OPTIONS	http	localhost	/api/v1/login	
Logs: 2023-07-05  01:58:00	c0b7bb5d-cc2a-49d6-a097-7ae68f16234b	200	OPTIONS	http	localhost	/api/v1/login	
Logs: 2023-07-05  01:59:59	4a3e6172-ac39-404e-a930-a5eab6d9e58f	200	OPTIONS	http	localhost	/api/v1/login	
Logs: 2023-07-05  02:00:05	a150f909-245c-4744-8fea-2b2dda52c7f0	200	OPTIONS	http	localhost	/api/v1/login	
Logs: 2023-07-05  02:00:25	686fa473-cff3-4467-822b-b6de1e405651	200	OPTIONS	http	localhost	/api/v1/login	
Logs: 2023-07-05  02:01:21	ac1a332c-c83c-49c2-98da-d996eff8a895	200	OPTIONS	http	localhost	/api/v1/login	
Logs: 2023-07-05  02:01:23	ea52dd7d-a5c6-4424-9159-c5925899e293	200	OPTIONS	http	localhost	/api/v1/login	
Logs: 2023-07-05  02:05:11	005736c6-04d6-4090-a235-f27bd7d41bab	200	OPTIONS	http	localhost	/api/v1/login	
Logs: 2023-07-05  02:05:48	fc5519a3-0f4b-4060-b76c-2a785a560173	200	OPTIONS	http	localhost	/api/v1/login	
Logs: 2023-07-05  02:07:37	93372655-b97c-458e-b430-95437404cdff	200	OPTIONS	http	localhost	/api/v1/login	
Logs: 2023-07-05  02:07:37	d9c8069f-c882-4713-89ed-a1938a79d560	200	POST	http	localhost	/api/v1/login	
Logs: 2023-07-05  02:08:22	6badf505-e5c2-45fc-8283-096b0f1ab2d4	200	OPTIONS	http	localhost	/api/v1/login	
Logs: 2023-07-05  02:08:22	753544ed-10da-4241-b817-20feef4b397e	200	POST	http	localhost	/api/v1/login	
Logs: 2023-07-05  02:08:24	3fd1f427-d07a-4076-8c92-1a85e2af04c0	200	POST	http	localhost	/api/v1/login	
Logs: 2023-07-05  02:08:49	7b87ef85-522f-4590-9d62-e756259c54b7	200	OPTIONS	http	localhost	/api/v1/login	
Logs: 2023-07-05  02:08:49	11c01960-4a8d-4a5f-9e9a-e1c5a9cf9afb	200	POST	http	localhost	/api/v1/login	
Logs: 2023-07-05  02:10:21	8c7de7d9-8001-4b13-af85-6209b79e5dc8	200	OPTIONS	http	localhost	/api/v1/login	
Logs: 2023-07-05  02:10:21	942c7a3e-8316-4124-8374-ff244949328a	200	POST	http	localhost	/api/v1/login	
Logs: 2023-07-05  02:10:48	b2d0eed4-b9ae-4062-a10a-5ca829bd4186	200	OPTIONS	http	localhost	/api/v1/login	
Logs: 2023-07-05  02:10:48	3276e6c9-86b7-49f1-a1bd-210ca718ab50	200	POST	http	localhost	/api/v1/login	
Logs: 2023-07-05  02:12:21	4e643b33-39cf-4842-b5d9-564d94a5148d	200	OPTIONS	http	localhost	/api/v1/login	
Logs: 2023-07-05  02:12:21	9f172c74-7f1f-41e4-8b7f-80de359be2a2	200	POST	http	localhost	/api/v1/login	
Logs: 2023-07-05  02:12:26	2dfe0321-1385-419d-8496-b14cab6d26da	200	OPTIONS	http	localhost	/api/v1/login	
Logs: 2023-07-05  02:12:26	2b4c8659-c4d2-4c50-9ce6-4e421729be39	200	POST	http	localhost	/api/v1/login	
Logs: 2023-07-05  02:12:44	235bbbf6-4fa4-44b4-a0d7-71905c031f3a	200	OPTIONS	http	localhost	/api/v1/login	
Logs: 2023-07-05  02:12:44	1454491c-24ab-4631-831f-742b51db36b0	200	POST	http	localhost	/api/v1/login	
Logs: 2023-07-05  02:13:55	f04873c4-1d5e-478a-8c2d-69a7c14da0a4	200	OPTIONS	http	localhost	/api/v1/register	
Logs: 2023-07-05  02:13:55	09826cf2-9bdc-42e5-aed8-7ae5d087ebe4	200	POST	http	localhost	/api/v1/register	
Logs: 2023-07-05  02:14:35	51ab4b85-565e-4b1a-8f1e-b295e6696854	200	OPTIONS	http	localhost	/api/v1/login	
Logs: 2023-07-05  02:14:35	1442a4ef-4e8b-4fd2-b3c1-c136bc26dc01	200	POST	http	localhost	/api/v1/login	
Logs: 2023-07-05  02:18:26	3f26cbb8-3986-4628-a1f4-30b0dc04aa0a	200	OPTIONS	http	localhost	/api/v1/register	
Logs: 2023-07-07  01:17:00	1183a846-aa74-4919-ad77-dd310378a22c	200	OPTIONS	http	localhost	/api/v1/login	
Logs: 2023-07-07  01:38:57	2d1fb166-6684-419e-926b-1370efdb23ee	200	OPTIONS	http	localhost	/api/v1/login	
Logs: 2023-07-07  01:39:24	ff508118-4acc-4256-a604-dd4507aea5ef	200	OPTIONS	http	localhost	/api/v1/login	
Logs: 2023-07-07  01:46:40	ca8be043-b310-4aa3-9f2f-ab6c70a7f490	200	OPTIONS	http	localhost	/api/v1/login	
Logs: 2023-07-07  01:48:13	707d6e56-e46d-4038-b7c2-d942374fa9a8	200	OPTIONS	http	localhost	/api/v1/login	
Logs: 2023-07-07  01:51:15	56204d1f-6b43-4a79-a965-73070d4f66ca	200	OPTIONS	http	localhost	/api/v1/login	
Logs: 2023-07-07  01:51:16	ebe57e9d-f8b0-4cca-b37b-09dbee686d61	200	POST	http	localhost	/api/v1/login	
